[05/21/2021 19:03:43.367] [ModLoader/INFO]: Initializing Mod Loader version 0.3.37
[05/21/2021 19:03:43.370] [ModLoader/INFO]: Website: https://github.com/Gamepiaynmo/BallanceModLoader
[05/21/2021 19:03:43.379] [ModLoader/INFO]: MinHook Initialized
[05/21/2021 19:03:43.470] [ModLoader/INFO]: Step Hook created
[05/21/2021 19:03:43.471] [ModLoader/INFO]: Player.exe Address: 0x00400000
[05/21/2021 19:03:43.471] [ModLoader/INFO]: CK2.dll Address: 0x24000000
[05/21/2021 19:03:43.472] [ModLoader/INFO]: VxMath.dll Address: 0x24280000
[05/21/2021 19:03:43.566] [ModLoader/INFO]: Object Loader Hook created
[05/21/2021 19:03:43.826] [ModLoader/INFO]: Physicalize Hook created
[05/21/2021 19:03:44.318] [ModLoader/INFO]: Input Manager Hooks created
[05/21/2021 19:03:44.318] [ModLoader/INFO]: Get CKContext pointer 0x027fdf40
[05/21/2021 19:03:44.319] [ModLoader/INFO]: Get Attribute Manager pointer 0x027a3938
[05/21/2021 19:03:44.320] [ModLoader/INFO]: Get Behavior Manager pointer 0x03b95108
[05/21/2021 19:03:44.323] [ModLoader/INFO]: Get Collision Manager pointer 0x03ba00e0
[05/21/2021 19:03:44.324] [ModLoader/INFO]: Get Input Manager pointer 0x03b9cbb0
[05/21/2021 19:03:44.325] [ModLoader/INFO]: Get Message Manager pointer 0x027e9e38
[05/21/2021 19:03:44.325] [ModLoader/INFO]: Get Path Manager pointer 0x027fb440
[05/21/2021 19:03:44.326] [ModLoader/INFO]: Get Parameter Manager pointer 0x027ffa18
[05/21/2021 19:03:44.326] [ModLoader/INFO]: Get Sound Manager pointer 0x0280c8e0
[05/21/2021 19:03:44.327] [ModLoader/INFO]: Get Time Manager pointer 0x03b93b30
[05/21/2021 19:03:44.328] [ModLoader/INFO]: Loading Mod Loader
[05/21/2021 19:03:44.329] [ModLoader/INFO]: Process Function Hooked
[05/21/2021 19:03:44.329] [ModLoader/INFO]: Render Function Hooked
[05/21/2021 19:03:45.008] [ModLoader/INFO]: Get Render Context pointer 0x03ceec38
[05/21/2021 19:03:45.010] [ModLoader/INFO]: Get Render Manager pointer 0x03bc1f08
[05/21/2021 19:03:45.014] [ModLoader/INFO]: Loading Mod BML[Ballance Mod Loader] v0.3.37 by Gamepiaynmo & YingChe
[05/21/2021 19:03:46.030] [ModLoader/INFO]: Loading Mod NewBallType[New Ball Type] v0.3.37 by Gamepiaynmo
[05/21/2021 19:03:46.458] [BML/INFO]: Unlock higher resolutions
[05/21/2021 19:03:46.459] [BML/INFO]: Skip Loading Animation
[05/21/2021 19:03:46.460] [BML/INFO]: Insert message Start Menu Hook
[05/21/2021 19:03:46.461] [BML/INFO]: Insert message Exit Game Hook
[05/21/2021 19:03:46.462] [BML/INFO]: Insert message Load Level Hook
[05/21/2021 19:03:46.464] [BML/INFO]: Insert message Start Level Hook
[05/21/2021 19:03:46.471] [BML/INFO]: Insert message Reset Level Hook
[05/21/2021 19:03:46.473] [BML/INFO]: Insert message Pause Level Hook
[05/21/2021 19:03:46.474] [BML/INFO]: Insert message Unpause Level Hook
[05/21/2021 19:03:46.476] [BML/INFO]: Insert message Exit Level Hook
[05/21/2021 19:03:46.477] [BML/INFO]: Insert message Next Level Hook
[05/21/2021 19:03:46.479] [BML/INFO]: Insert message Dead Hook
[05/21/2021 19:03:46.480] [BML/INFO]: Insert message End Level Hook
[05/21/2021 19:03:46.485] [NewBallType/INFO]: Reset ball pieces for new ball types
[05/21/2021 19:03:51.188] [ModLoader/INFO]: On Message OnUnload
[05/21/2021 19:03:51.478] [ModLoader/INFO]: Releasing Mod Loader
[05/21/2021 19:03:51.506] [ModLoader/INFO]: MinHook Uninitialized
[05/21/2021 19:03:51.506] [ModLoader/INFO]: Goodbye!
